<?xml version="1.0" encoding="UTF-8"?>
<!-- Generated by org.testng.reporters.JUnitXMLReporter -->
<testsuite ignored="0" hostname="DESKTOP-02U99FU" failures="2" tests="4" name="Test1" time="64.259" errors="0" timestamp="2025-05-16T19:49:40 IST">
  <testcase classname="Training.SeleniumFrameworkDesign.Errorvalidation" name="login" time="0.632">
    <skipped/>
  </testcase> <!-- login -->
  <testcase classname="Training.SeleniumFrameworkDesign.Errorvalidation" name="login" time="0.531">
    <failure type="java.lang.AssertionError" message="expected [Incorrect email o password.] but found [Incorrect email or password.]">
      <![CDATA[java.lang.AssertionError: expected [Incorrect email o password.] but found [Incorrect email or password.]
at Training.SeleniumFrameworkDesign.Errorvalidation.login(Errorvalidation.java:19)
at java.base/java.util.ArrayList.forEach(ArrayList.java:1596)
at java.base/java.util.concurrent.FutureTask.run(FutureTask.java:317)
at java.base/java.util.concurrent.ThreadPoolExecutor.runWorker(ThreadPoolExecutor.java:1144)
at java.base/java.util.concurrent.ThreadPoolExecutor$Worker.run(ThreadPoolExecutor.java:642)
at java.base/java.lang.Thread.run(Thread.java:1583)
... Removed 21 stack frames]]>
    </failure>
  </testcase> <!-- login -->
  <testcase classname="Training.SeleniumFrameworkDesign.Errorvalidation" name="purchase" time="16.348">
    <skipped/>
  </testcase> <!-- purchase -->
  <testcase classname="Training.SeleniumFrameworkDesign.Errorvalidation" name="purchase" time="16.308">
    <failure type="java.lang.AssertionError" message="expected [false] but found [true]">
      <![CDATA[java.lang.AssertionError: expected [false] but found [true]
at Training.SeleniumFrameworkDesign.Errorvalidation.purchase(Errorvalidation.java:26)
at java.base/java.util.ArrayList.forEach(ArrayList.java:1596)
at java.base/java.util.concurrent.FutureTask.run(FutureTask.java:317)
at java.base/java.util.concurrent.ThreadPoolExecutor.runWorker(ThreadPoolExecutor.java:1144)
at java.base/java.util.concurrent.ThreadPoolExecutor$Worker.run(ThreadPoolExecutor.java:642)
at java.base/java.lang.Thread.run(Thread.java:1583)
... Removed 19 stack frames]]>
    </failure>
  </testcase> <!-- purchase -->
</testsuite> <!-- Test1 -->
