<?xml version="1.0" encoding="UTF-8"?>
<!-- Generated by org.testng.reporters.JUnitXMLReporter -->
<testsuite ignored="0" hostname="DESKTOP-02U99FU" failures="0" tests="3" name="Test" time="60.556" errors="0" timestamp="2025-05-17T15:37:41 IST">
  <testcase classname="Training.SeleniumFrameworkDesign.shopping" name="purchase" time="17.735"/>
  <testcase classname="Training.SeleniumFrameworkDesign.shopping" name="purchase" time="17.644"/>
  <testcase classname="Training.SeleniumFrameworkDesign.shopping" name="OrderHistorycheck" time="0.835"/>
</testsuite> <!-- Test -->
