<?xml version="1.0" encoding="UTF-8"?>
<!-- Generated by org.testng.reporters.JUnitXMLReporter -->
<testsuite ignored="0" hostname="DESKTOP-02U99FU" failures="0" tests="3" name="Test" time="61.027" errors="0" timestamp="2025-05-20T17:46:08 IST">
  <testcase classname="Training.SeleniumFrameworkDesign.shopping" name="purchase" time="17.658"/>
  <testcase classname="Training.SeleniumFrameworkDesign.shopping" name="purchase" time="17.554"/>
  <testcase classname="Training.SeleniumFrameworkDesign.shopping" name="OrderHistorycheck" time="0.768"/>
</testsuite> <!-- Test -->
