<?xml version="1.0" encoding="UTF-8"?>
<testng-results ignored="0" total="3" passed="3" failed="0" skipped="0">
  <reporter-output>
  </reporter-output>
  <suite started-at="2025-05-20T17:45:07 IST" name="Suite" finished-at="2025-05-20T17:46:08 IST" duration-ms="61027">
    <groups>
      <group name="logintest">
        <method signature="shopping.purchase(java.util.HashMap)[pri:0, instance:Training.SeleniumFrameworkDesign.shopping@2bd8f7db]" name="purchase" class="Training.SeleniumFrameworkDesign.shopping"/>
      </group> <!-- logintest -->
    </groups>
    <test started-at="2025-05-20T17:45:07 IST" name="Test" finished-at="2025-05-20T17:46:08 IST" duration-ms="61027">
      <class name="Training.SeleniumFrameworkDesign.shopping">
        <test-method is-config="true" signature="landing()[pri:0, instance:Training.SeleniumFrameworkDesign.shopping@2bd8f7db]" started-at="2025-05-20T17:45:07 IST" name="landing" finished-at="2025-05-20T17:45:16 IST" duration-ms="8649" status="PASS">
          <reporter-output>
          </reporter-output>
        </test-method> <!-- landing -->
        <test-method signature="purchase(java.util.HashMap)[pri:0, instance:Training.SeleniumFrameworkDesign.shopping@2bd8f7db]" started-at="2025-05-20T17:45:16 IST" name="purchase" data-provider="getdata" finished-at="2025-05-20T17:45:33 IST" duration-ms="17658" status="PASS">
          <params>
            <param index="0">
              <value>
                <![CDATA[{pwd=Test@123, email=sriraminba03@gmail.com}]]>
              </value>
            </param>
          </params>
          <reporter-output>
          </reporter-output>
        </test-method> <!-- purchase -->
        <test-method is-config="true" signature="close()[pri:0, instance:Training.SeleniumFrameworkDesign.shopping@2bd8f7db]" started-at="2025-05-20T17:45:33 IST" name="close" finished-at="2025-05-20T17:45:35 IST" duration-ms="1381" status="PASS">
          <reporter-output>
          </reporter-output>
        </test-method> <!-- close -->
        <test-method is-config="true" signature="landing()[pri:0, instance:Training.SeleniumFrameworkDesign.shopping@2bd8f7db]" started-at="2025-05-20T17:45:35 IST" name="landing" finished-at="2025-05-20T17:45:41 IST" duration-ms="6004" status="PASS">
          <reporter-output>
          </reporter-output>
        </test-method> <!-- landing -->
        <test-method signature="purchase(java.util.HashMap)[pri:0, instance:Training.SeleniumFrameworkDesign.shopping@2bd8f7db]" started-at="2025-05-20T17:45:41 IST" name="purchase" data-provider="getdata" finished-at="2025-05-20T17:45:58 IST" duration-ms="17554" status="PASS">
          <params>
            <param index="0">
              <value>
                <![CDATA[{pwd=Test@123, email=sriramtest@mailinator.com}]]>
              </value>
            </param>
          </params>
          <reporter-output>
          </reporter-output>
        </test-method> <!-- purchase -->
        <test-method is-config="true" signature="close()[pri:0, instance:Training.SeleniumFrameworkDesign.shopping@2bd8f7db]" started-at="2025-05-20T17:45:58 IST" name="close" finished-at="2025-05-20T17:46:00 IST" duration-ms="1249" status="PASS">
          <reporter-output>
          </reporter-output>
        </test-method> <!-- close -->
        <test-method is-config="true" signature="landing()[pri:0, instance:Training.SeleniumFrameworkDesign.shopping@2bd8f7db]" started-at="2025-05-20T17:46:00 IST" name="landing" finished-at="2025-05-20T17:46:05 IST" duration-ms="5893" status="PASS">
          <reporter-output>
          </reporter-output>
        </test-method> <!-- landing -->
        <test-method signature="OrderHistorycheck()[pri:0, instance:Training.SeleniumFrameworkDesign.shopping@2bd8f7db]" started-at="2025-05-20T17:46:05 IST" name="OrderHistorycheck" finished-at="2025-05-20T17:46:06 IST" depends-on-methods="Training.SeleniumFrameworkDesign.shopping.purchase" duration-ms="768" status="PASS">
          <reporter-output>
          </reporter-output>
        </test-method> <!-- OrderHistorycheck -->
        <test-method is-config="true" signature="close()[pri:0, instance:Training.SeleniumFrameworkDesign.shopping@2bd8f7db]" started-at="2025-05-20T17:46:06 IST" name="close" finished-at="2025-05-20T17:46:08 IST" duration-ms="1423" status="PASS">
          <reporter-output>
          </reporter-output>
        </test-method> <!-- close -->
      </class> <!-- Training.SeleniumFrameworkDesign.shopping -->
    </test> <!-- Test -->
  </suite> <!-- Suite -->
</testng-results>
